Failed to decrypt chap: https://manga1001.win/chapters/【第31.2話】転生したら武闘派令嬢!? ～恋しなきゃ死んじゃうなんて無理ゲーです-raw/
Failed to decrypt chap: https://manga1001.win/chapters/【第0話】ヤンキーJKクズハナちゃん-raw/
Failed to decrypt chap: https://manga1001.win/chapters/【第6.2話】方舟～死ぬべきなのは誰か?～-raw/
Failed to decrypt chap: https://manga1001.win/chapters/【第6.3話】方舟～死ぬべきなのは誰か?～-raw/
Failed to decrypt chap: https://manga1001.win/chapters/【第13話】したうちの犬が強すぎるんですが!?　転生したら女神様の祝福で世界を救うことになりました-raw/
Failed to decrypt chap: https://manga1001.win/chapters/【第39話】巻き込まれ召喚!? そして私は『神』でした??-raw/
Failed to decrypt chap: https://manga1001.win/chapters/【第97話】冰剣の魔術師が世界を統べる世界最強の魔術師である少年は、魔術学院に入学する-raw/
Failed to decrypt chap: https://manga1001.win/chapters/【第67話】冰剣の魔術師が世界を統べる-世界最強の魔術師である少年は、魔術学院に入学する-raw/
Failed to decrypt chap: https://manga1001.win/chapters/【第64話】冰剣の魔術師が世界を統べる-世界最強の魔術師である少年は、魔術学院に入学する-raw/
Failed to decrypt chap: https://manga1001.win/chapters/【第46話】戦隊大失格-raw/
Failed to decrypt chap: https://manga1001.win/chapters/【第58話】冰剣の魔術師が世界を統べる-世界最強の魔術師である少年は、魔術学院に入学する-raw/
Failed to decrypt chap: https://manga1001.win/chapters/【第41話】戦隊大失格-raw/
Failed to decrypt chap: https://manga1001.win/chapters/【第40話】戦隊大失格-raw/
Failed to decrypt chap: https://manga1001.win/chapters/【第57話】冰剣の魔術師が世界を統べる-世界最強の魔術師である少年は、魔術学院に入学する-raw/
Failed to decrypt chap: https://manga1001.win/chapters/【第55話】冰剣の魔術師が世界を統べる-世界最強の魔術師である少年は、魔術学院に入学する-raw/
Failed to decrypt chap: https://manga1001.win/chapters/【第54話】冰剣の魔術師が世界を統べる-世界最強の魔術師である少年は、魔術学院に入学する-raw/
Failed to decrypt chap: https://manga1001.win/chapters/【第53話】冰剣の魔術師が世界を統べる-世界最強の魔術師である少年は、魔術学院に入学する-raw/
Failed to decrypt chap: https://manga1001.win/chapters/【第39話】戦隊大失格-raw/
Failed to decrypt chap: https://manga1001.win/chapters/【第51話】冰剣の魔術師が世界を統べる-世界最強の魔術師である少年は、魔術学院に入学する-raw/
Failed to decrypt chap: https://manga1001.win/chapters/【第52話】冰剣の魔術師が世界を統べる-世界最強の魔術師である少年は、魔術学院に入学する-raw/
Failed to decrypt chap: https://manga1001.win/chapters/【第37話】戦隊大失格-raw/
Failed to decrypt chap: https://manga1001.win/chapters/【第34話】戦隊大失格-raw/
Failed to decrypt chap: https://manga1001.win/chapters/【第49話】冰剣の魔術師が世界を統べる-世界最強の魔術師である少年は、魔術学院に入学する-raw/
Failed to decrypt chap: https://manga1001.win/chapters/【第33話】戦隊大失格-raw/
Failed to decrypt chap: https://manga1001.win/chapters/【第15.3話】学園1の美少女は××絵師の俺に惚れている!?-raw/
Failed to decrypt chap: https://manga1001.win/chapters/【第84話】戦隊大失格-raw/
Failed to decrypt chap: https://manga1001.win/chapters/【第106話】冰剣の魔術師が世界を統べる世界最強の魔術師である少年は、魔術学院に入学する-raw/
Failed to decrypt chap: https://manga1001.win/chapters/【第17話】戦隊大失格-raw/
Failed to decrypt chap: https://manga1001.win/chapters/【第58話】ちこまる-raw/
Failed to decrypt chap: https://manga1001.win/chapters/【第17.1話】栽培チートで最強菜園～え、ただの家庭菜園ですけど?～-raw/
Failed to decrypt chap: https://manga1001.win/chapters/【第36.2話】オメガ・メガエラ-raw/
Failed to decrypt chap: https://manga1001.win/chapters/【第16.2話】とある小さな村のチートな鍛冶屋さん – 夜船紡/著 みつなり都/イラスト-raw/
Failed to decrypt chap: https://manga1001.win/chapters/【第71話】剣士を目指して入学したのに魔法適性９９９９なんですけど!?-raw/
Failed to decrypt chap: https://manga1001.win/chapters/【第4.1話】ラスボスラブデス/ラスボスラブデス-raw/
Failed to decrypt chap: https://manga1001.win/chapters/【第5話】両片思いオーバーキル！-raw/
Failed to decrypt chap: https://manga1001.win/chapters/【第91話】オンリーセンス・オンライン-raw/
Failed to decrypt chap: https://manga1001.win/chapters/【第104話】オンリーセンス・オンライン-raw/
Failed to decrypt chap: https://manga1001.win/chapters/【第109話】オンリーセンス・オンライン-raw/
Failed to decrypt chap: https://manga1001.win/chapters/【第102話】オンリーセンス・オンライン-raw/
Failed to decrypt chap: https://manga1001.win/chapters/【第108話】オンリーセンス・オンライン-raw/
Failed to decrypt chap: https://manga1001.win/chapters/【第110話】オンリーセンス・オンライン-raw/
Failed to decrypt chap: https://manga1001.win/chapters/【第96話】オンリーセンス・オンライン-raw/
Failed to decrypt chap: https://manga1001.win/chapters/【第100話】オンリーセンス・オンライン-raw/
Failed to decrypt chap: https://manga1001.win/chapters/【第31話】オンリーセンス・オンライン-raw/
Failed to decrypt chap: https://manga1001.win/chapters/【第29話】オンリーセンス・オンライン-raw/
Failed to decrypt chap: https://manga1001.win/chapters/【第28話】オンリーセンス・オンライン-raw/
Failed to decrypt chap: https://manga1001.win/chapters/【第26話】オンリーセンス・オンライン-raw/
Failed to decrypt chap: https://manga1001.win/chapters/【第77話】村人ですが何か?-raw/
Failed to decrypt chap: https://manga1001.win/chapters/【第60話】sakamoto-days-サカモトデイズ-raw/
Failed to decrypt chap: https://manga1001.win/chapters/【第51話】ウィッチウォッチ-raw/
Failed to decrypt chap: https://manga1001.win/chapters/【第78話】僕とロボコ-raw/
Failed to decrypt chap: https://manga1001.win/chapters/【第2.1話】ハズレスキル『添い寝』が覚醒し、僕が最強ハーレムを築くまで～密着添い寝で願望解放!? 誘惑されまくって困ってます!!～-raw/
Failed to decrypt chap: https://manga1001.win/chapters/【第1話】ハズレスキル『添い寝』が覚醒し、僕が最強ハーレムを築くまで～密着添い寝で願望解放!? 誘惑されまくって困ってます!!～-raw/
Failed to decrypt chap: https://manga1001.win/chapters/【第3.1話】ハズレスキル『添い寝』が覚醒し、僕が最強ハーレムを築くまで～密着添い寝で願望解放!? 誘惑されまくって困ってます!!～-raw/
Failed to decrypt chap: https://manga1001.win/chapters/【第2.3話】ハズレスキル『添い寝』が覚醒し、僕が最強ハーレムを築くまで～密着添い寝で願望解放!? 誘惑されまくって困ってます!!～-raw/
Failed to decrypt chap: https://manga1001.win/chapters/【第2.2話】ハズレスキル『添い寝』が覚醒し、僕が最強ハーレムを築くまで～密着添い寝で願望解放!? 誘惑されまくって困ってます!!～-raw/
Failed to decrypt chap: https://manga1001.win/chapters/【第4.2話】冒険者パーティーを追放された回復士の少女を拾って育成したら、まさかの最強職業に転職!? おまけに彼女の様子が何やらおかしくて…-raw/
Failed to decrypt chap: https://manga1001.win/chapters/【第0話】新本格魔法少女りすか-raw/
Failed to decrypt chap: https://manga1001.win/chapters/【第59話】オリエント-raw/
Failed to decrypt chap: https://manga1001.win/chapters/【第75話】Fate/Grand Order -turas realta--raw/
Failed to decrypt chap: https://manga1001.win/chapters/【第4.1話】冒険者パーティーを追放された回復士の少女を拾って育成したら、まさかの最強職業に転職!? おまけに彼女の様子が何やらおかしくて…-raw/
Failed to decrypt chap: https://manga1001.win/chapters/【第2話】幼馴染とはラブコメにならない-raw/
Failed to decrypt chap: https://manga1001.win/chapters/【第1話】幼馴染とはラブコメにならない-raw/
Failed to decrypt chap: https://manga1001.win/chapters/【第3話】幼馴染とはラブコメにならない-raw/
Failed to decrypt chap: https://manga1001.win/chapters/【第4話】幼馴染とはラブコメにならない-raw/
Failed to decrypt chap: https://manga1001.win/chapters/【第37話】Fate/Grand Order -Epic of Remnant- 英霊剣豪七番勝負-raw/
Failed to decrypt chap: https://manga1001.win/chapters/【第18.1話】没落貴族の俺がハズレスキル『超器用貧乏』で大賢者と呼ばれるまで-raw/
Failed to decrypt chap: https://manga1001.win/chapters/【第13.1話】没落貴族の俺がハズレスキル『超器用貧乏』で大賢者と呼ばれるまで-raw/
Failed to decrypt chap: https://manga1001.win/chapters/【第12.3話】没落貴族の俺がハズレスキル『超器用貧乏』で大賢者と呼ばれるまで-raw/
Failed to decrypt chap: https://manga1001.win/chapters/【第13.3話】没落貴族の俺がハズレスキル『超器用貧乏』で大賢者と呼ばれるまで-raw/
Failed to decrypt chap: https://manga1001.win/chapters/【第16.1話】没落貴族の俺がハズレスキル『超器用貧乏』で大賢者と呼ばれるまで-raw/
Failed to decrypt chap: https://manga1001.win/chapters/【第16.2話】没落貴族の俺がハズレスキル『超器用貧乏』で大賢者と呼ばれるまで-raw/
Failed to decrypt chap: https://manga1001.win/chapters/【第1-2話】没落貴族の俺がハズレ-スキル『超器用貧乏』で大賢者と呼ばれるまで-raw/
Failed to decrypt chap: https://manga1001.win/chapters/【第20.1話】没落貴族の俺がハズレ(?)スキル『超器用貧乏』で大賢者と呼ばれるまで-raw/
Failed to decrypt chap: https://manga1001.win/chapters/【第26.1話】騙され裏切られ処刑された私が……誰を信じられるというのでしょう?-raw/
Failed to decrypt chap: https://manga1001.win/chapters/【第159話】パーフェクトハーフ-raw/
Failed to decrypt chap: https://manga1001.win/chapters/【第201話】ダンス・ダンス・ダンスール-raw/
Failed to decrypt chap: https://manga1001.win/chapters/【第50話】風都探偵-raw/
Failed to decrypt chap: https://manga1001.win/chapters/【第31.2話】冒険者をクビになったので、錬金術師として出直します! ～辺境開拓?よし、俺に任せとけ!-raw/
Failed to decrypt chap: https://manga1001.win/chapters/【第31.3話】冒険者をクビになったので、錬金術師として出直します! ～辺境開拓?よし、俺に任せとけ!-raw/
Failed to decrypt chap: https://manga1001.win/chapters/【第62話】ラーメン赤猫-raw/
Failed to decrypt chap: https://manga1001.win/chapters/【第51話】ラーメン赤猫-raw/
Failed to decrypt chap: https://manga1001.win/chapters/【第50話】ラーメン赤猫-raw/
Failed to decrypt chap: https://manga1001.win/chapters/【第48話】ラーメン赤猫-raw/
Failed to decrypt chap: https://manga1001.win/chapters/【第49話】ラーメン赤猫-raw/
Failed to decrypt chap: https://manga1001.win/chapters/【第46話】ラーメン赤猫-raw/
Failed to decrypt chap: https://manga1001.win/chapters/【第44話】ラーメン赤猫-raw/
Failed to decrypt chap: https://manga1001.win/chapters/【第42話】ラーメン赤猫-raw/
Failed to decrypt chap: https://manga1001.win/chapters/【第372話】k2-raw/
Failed to decrypt chap: https://manga1001.win/chapters/【第369話】k2-raw/
Failed to decrypt chap: https://manga1001.win/chapters/【第370話】k2-raw/
Failed to decrypt chap: https://manga1001.win/chapters/【第144話】おしかけギャルと同棲性活!?-こいつとのセックス、思った以上に…--raw/
Failed to decrypt chap: https://manga1001.win/chapters/【第143話】おしかけギャルと同棲性活!?-こいつとのセックス、思った以上に…--raw/
Failed to decrypt chap: https://manga1001.win/chapters/【第141話】おしかけギャルと同棲性活!?-こいつとのセックス、思った以上に…--raw/
Failed to decrypt chap: https://manga1001.win/chapters/【第63話】ひまわりさん-raw/
Failed to decrypt chap: https://manga1001.win/chapters/【第8.2話】公爵家の料理番様～300年生きる小さな料理人～-raw/
Failed to decrypt chap: https://manga1001.win/chapters/【第25話】見るからに怪しい二人-raw/
Failed to decrypt chap: https://manga1001.win/chapters/【第69話】ひまわりさん-raw/
Failed to decrypt chap: https://manga1001.win/chapters/【第16.2話】公爵家の料理番様～300年生きる小さな料理人～-raw/
Failed to decrypt chap: https://manga1001.win/chapters/【第11.1話】公爵家の料理番様～300年生きる小さな料理人～-raw/
Failed to decrypt chap: https://manga1001.win/chapters/【第9.1話】公爵家の料理番様～300年生きる小さな料理人～-raw/
Failed to decrypt chap: https://manga1001.win/chapters/【第26話】ひまわりさん-raw/
Failed to decrypt chap: https://manga1001.win/chapters/【第21話】ひまわりさん-raw/
Failed to decrypt chap: https://manga1001.win/chapters/【第6.2話】公爵家の料理番様～300年生きる小さな料理人～-raw/
Failed to decrypt chap: https://manga1001.win/chapters/【第11.2話】公爵家の料理番様～300年生きる小さな料理人～-raw/
Failed to decrypt chap: https://manga1001.win/chapters/【第5.2話】公爵家の料理番様～300年生きる小さな料理人～-raw/
Failed to decrypt chap: https://manga1001.win/chapters/【第4.1話】乙女ゲームの当て馬悪役令嬢は、王太子殿下の幸せを願います！-raw/
Failed to decrypt chap: https://manga1001.win/chapters/【第8話】ドラゴンクエストダイの大冒険勇者アバンと獄炎の魔王-raw/
Failed to decrypt chap: https://manga1001.win/chapters/【第5.2話】99％サキュバスちゃん-raw/
Failed to decrypt chap: https://manga1001.win/chapters/【第63.1話】よくわからないけれど異世界に転生していたようです-raw/
Failed to decrypt chap: https://manga1001.win/chapters/【第18話】薄幸な公爵令嬢（病弱）に、残りの人生を託されまして　前世が筋肉喪女なので、皇子さまの求愛には気づけません!?-raw/
Failed to decrypt chap: https://manga1001.win/chapters/【第81話】デッドマウント・デスプレイ-raw/
Failed to decrypt chap: https://manga1001.win/chapters/【第1話】聖剣少女伝説引退間際のおっさん冒険者、聖剣を抜いて英雄になる-raw/
Failed to decrypt chap: https://manga1001.win/chapters/【第2話】聖剣少女伝説引退間際のおっさん冒険者、聖剣を抜いて英雄になる-raw/
Failed to decrypt chap: https://manga1001.win/chapters/【第52話】デッドマウント・デスプレイ-raw/
Failed to decrypt chap: https://manga1001.win/chapters/【第51話】デッドマウント・デスプレイ-raw/
Failed to decrypt chap: https://manga1001.win/chapters/【第50話】デッドマウント・デスプレイ-raw/
Failed to decrypt chap: https://manga1001.win/chapters/【第23話】デッドマウント・デスプレイ-raw/
Failed to decrypt chap: https://manga1001.win/chapters/【第15話】デッドマウント・デスプレイ-raw/
Failed to decrypt chap: https://manga1001.win/chapters/【第14話】デッドマウント・デスプレイ-raw/
Failed to decrypt chap: https://manga1001.win/chapters/【第7話】デッドマウント・デスプレイ-raw/
Failed to decrypt chap: https://manga1001.win/chapters/【第5話】デッドマウント・デスプレイ-raw/
Failed to decrypt chap: https://manga1001.win/chapters/【第4話】デッドマウント・デスプレイ-raw/
Failed to decrypt chap: https://manga1001.win/chapters/【第15話】ワールド・ティーチャー異世界式教育エージェント-raw/
Failed to decrypt chap: https://manga1001.win/chapters/【第14話】ワールド・ティーチャー異世界式教育エージェント-raw/
Failed to decrypt chap: https://manga1001.win/chapters/【第5話】ワールド・ティーチャー異世界式教育エージェント-raw/
Failed to decrypt chap: https://manga1001.win/chapters/【第3話】ワールド・ティーチャー異世界式教育エージェント-raw/
Failed to decrypt chap: https://manga1001.win/chapters/【第5.1話】ひねくれ領主の幸福譚　性格が悪くても辺境開拓できますうぅ！-raw/
Failed to decrypt chap: https://manga1001.win/chapters/【第7話】令嬢エリザベスの華麗なる身代わり生活-/
Failed to decrypt chap: https://manga1001.win/chapters/【第6話】令嬢エリザベスの華麗なる身代わり生活-/
Failed to decrypt chap: https://manga1001.win/chapters/【第8話】令嬢エリザベスの華麗なる身代わり生活-/
Failed to decrypt chap: https://manga1001.win/chapters/【第0話】地味で目立たない私は、今日で終わりにします。-raw/
Failed to decrypt chap: https://manga1001.win/chapters/【第13-1話】暁花薬殿物語-raw/
Failed to decrypt chap: https://manga1001.win/chapters/【第1話】天駆け-raw/
Failed to decrypt chap: https://manga1001.win/chapters/【第112話】何度、時をくりかえしても本能寺が燃えるんじゃが!?-raw/
Failed to decrypt chap: https://manga1001.win/chapters/【第28話】税金で買った本-raw/
